2020-11-19 12:19:55,449:INFO:PyCaret Supervised Module
2020-11-19 12:19:55,449:INFO:ML Usecase: regression
2020-11-19 12:19:55,450:INFO:version 2.2.1
2020-11-19 12:19:55,450:INFO:Initializing setup()
2020-11-19 12:19:55,450:INFO:setup(target=close, ml_usecase=regression, available_plots={'parameter': 'Hyperparameters', 'residuals': 'Residuals', 'error': 'Prediction Error', 'cooks': 'Cooks Distance', 'rfe': 'Feature Selection', 'learning': 'Learning Curve', 'manifold': 'Manifold Learning', 'vc': 'Validation Curve', 'feature': 'Feature Importance', 'feature_all': 'Feature Importance (All)', 'tree': 'Decision Tree'}, train_size=0.7, test_data=None, preprocess=True, imputation_type=simple, iterative_imputation_iters=5, categorical_features=None, categorical_imputation=constant, categorical_iterative_imputer=lightgbm, ordinal_features=None, high_cardinality_features=None, high_cardinality_method=frequency, numeric_features=None, numeric_imputation=mean, numeric_iterative_imputer=lightgbm, date_features=None, ignore_features=None, normalize=False, normalize_method=zscore, transformation=False, transformation_method=yeo-johnson, handle_unknown_categorical=True, unknown_categorical_method=least_frequent, pca=False, pca_method=linear, pca_components=None, ignore_low_variance=False, combine_rare_levels=False, rare_level_threshold=0.1, bin_numeric_features=None, remove_outliers=False, outliers_threshold=0.05, remove_multicollinearity=False, multicollinearity_threshold=0.9, remove_perfect_collinearity=True, create_clusters=False, cluster_iter=20, polynomial_features=False, polynomial_degree=2, trigonometry_features=False, polynomial_threshold=0.1, group_features=None, group_names=None, feature_selection=False, feature_selection_threshold=0.8, feature_selection_method=classic, feature_interaction=False, feature_ratio=False, interaction_threshold=0.01, fix_imbalance=False, fix_imbalance_method=None, transform_target=False, transform_target_method=box-cox, data_split_shuffle=True, data_split_stratify=False, fold_strategy=kfold, fold=10, fold_shuffle=False, fold_groups=None, n_jobs=-1, use_gpu=False, custom_pipeline=None, html=True, session_id=123, log_experiment=False, experiment_name=None, log_plots=False, log_profile=False, log_data=False, silent=False, verbose=True, profile=False, profile_kwargs=None, display=None)
2020-11-19 12:19:55,450:INFO:Checking environment
2020-11-19 12:19:55,450:INFO:python_version: 3.7.6
2020-11-19 12:19:55,450:INFO:python_build: ('default', 'Jan  8 2020 19:59:22')
2020-11-19 12:19:55,450:INFO:machine: x86_64
2020-11-19 12:19:55,453:INFO:platform: Linux-5.4.0-53-generic-x86_64-with-debian-bullseye-sid
2020-11-19 12:19:55,453:WARNING:cannot find psutil installation. memory not traceable. Install psutil using pip to enable memory logging.
2020-11-19 12:19:55,454:INFO:Checking libraries
2020-11-19 12:19:55,454:INFO:pd==1.0.5
2020-11-19 12:19:55,454:INFO:numpy==1.18.1
2020-11-19 12:19:55,454:INFO:sklearn==0.23.2
2020-11-19 12:19:55,669:INFO:xgboost==1.1.1
2020-11-19 12:19:55,669:INFO:lightgbm==3.1.0
2020-11-19 12:19:56,183:INFO:catboost==0.24.3
2020-11-19 12:19:59,443:INFO:mlflow==1.12.1
2020-11-19 12:19:59,444:INFO:Checking Exceptions
2020-11-19 12:19:59,462:INFO:Declaring global variables
2020-11-19 12:19:59,462:INFO:USI: a9b0
2020-11-19 12:19:59,462:INFO:pycaret_globals: {'fold_param', 'stratify_param', 'display_container', 'data_before_preprocess', 'logging_param', 'fold_shuffle_param', 'USI', 'prep_pipe', 'X_test', 'create_model_container', '_all_metrics', 'iterative_imputation_iters_param', 'experiment__', '_ml_usecase', 'transform_target_method_param', 'master_model_container', 'target_param', '_all_models_internal', '_gpu_n_jobs_param', 'X', '_available_plots', 'n_jobs_param', 'imputation_regressor', 'fix_imbalance_param', 'transform_target_param', 'fold_generator', '_internal_pipeline', 'y_train', 'imputation_classifier', 'fix_imbalance_method_param', 'log_plots_param', 'y', 'fold_groups_param', 'pycaret_globals', 'X_train', 'seed', 'html_param', 'exp_name_log', 'y_test', '_all_models', 'gpu_param'}
2020-11-19 12:19:59,462:INFO:Preparing display monitor
2020-11-19 12:19:59,463:INFO:Preparing display monitor
2020-11-19 12:19:59,693:INFO:Importing libraries
2020-11-19 12:19:59,693:INFO:Copying data for preprocessing
2020-11-19 12:19:59,718:INFO:Declaring preprocessing parameters
2020-11-19 12:19:59,770:INFO:Creating preprocessing pipeline
2020-11-19 12:20:00,298:INFO:Preprocessing pipeline created successfully
2020-11-19 12:20:00,298:ERROR:(Process Exit): setup has been interupted with user command 'quit'. setup must rerun.
2020-11-19 12:20:00,299:INFO:Creating global containers
2020-11-19 12:20:00,395:INFO:Internal pipeline: Pipeline(memory=None, steps=[('empty_step', 'passthrough')], verbose=False)
